2024-08-01 11:02:13,097 - __main__ - INFO - Загрузка данных из файла C:/Users/Александр Побережный/Desktop/питон/final_task_course_3/data/operations.xlsx
2024-08-01 11:02:14,214 - __main__ - INFO - Данные успешно загружены, количество записей: 6705
2024-08-01 11:02:14,214 - __main__ - INFO - Вызов функции spending_by_category
2024-08-01 11:02:14,230 - __main__ - DEBUG - Вызвана функция spending_by_category с аргументами (            Дата операции  ... Сумма операции с округлением
0     31.12.2021 16:44:00  ...                       160.89
1     31.12.2021 16:42:04  ...                        64.00
2     31.12.2021 16:39:04  ...                       118.12
3     31.12.2021 15:44:39  ...                        78.05
4     31.12.2021 01:23:42  ...                       564.00
...                   ...  ...                          ...
6700  04.01.2018 14:05:08  ...                      1065.90
6701  03.01.2018 15:03:35  ...                        73.06
6702  03.01.2018 14:55:21  ...                        21.00
6703  01.01.2018 20:27:51  ...                       316.00
6704  01.01.2018 12:49:53  ...                      3000.00

[6705 rows x 15 columns], 'Супермаркеты', '2021-12-31') и {}
2024-08-01 11:02:14,230 - __main__ - INFO - Обработка транзакций по категории Супермаркеты и дате 2021-12-31
2024-08-01 11:02:14,255 - __main__ - DEBUG - Найдено 131 транзакций по категории Супермаркеты
2024-08-01 11:02:14,260 - __main__ - INFO - Результаты сохранены в файл C:/Users/Александр Побережный/Desktop/питон/final_task_course_3/logs\reports
2024-08-01 11:02:14,260 - __main__ - INFO - Функция spending_by_category выполнена успешно
2024-08-01 11:02:14,260 - __main__ - INFO - Вызов функции spending_by_category_custom
2024-08-01 11:02:14,277 - __main__ - DEBUG - Вызвана функция spending_by_category с аргументами (           Дата операции  ... Сумма операции с округлением
0    2021-12-31 16:44:00  ...                       160.89
1    2021-12-31 16:42:04  ...                        64.00
2    2021-12-31 16:39:04  ...                       118.12
3    2021-12-31 15:44:39  ...                        78.05
4    2021-12-31 01:23:42  ...                       564.00
...                  ...  ...                          ...
6700 2018-01-04 14:05:08  ...                      1065.90
6701 2018-01-03 15:03:35  ...                        73.06
6702 2018-01-03 14:55:21  ...                        21.00
6703 2018-01-01 20:27:51  ...                       316.00
6704 2018-01-01 12:49:53  ...                      3000.00

[6705 rows x 15 columns], 'Дом и ремонт', '2020-12-31') и {}
2024-08-01 11:02:14,277 - __main__ - INFO - Обработка транзакций по категории Дом и ремонт и дате 2020-12-31
2024-08-01 11:02:14,284 - __main__ - DEBUG - Найдено 6 транзакций по категории Дом и ремонт
2024-08-01 11:02:14,286 - __main__ - INFO - Результаты сохранены в файл C:/Users/Александр Побережный/Desktop/питон/final_task_course_3/logs\reports
2024-08-01 11:02:14,286 - __main__ - INFO - Функция spending_by_category выполнена успешно
